<?xml version="1.0" encoding="UTF-8"?>
<!-- Generated by org.testng.reporters.JUnitXMLReporter -->
<testsuite ignored="5" hostname="Johns-MacBook-Pro.local" failures="6" tests="15" name="Command line test" time="768.278" errors="0" timestamp="2024-10-31T17:13:18 GMT">
  <testcase classname="EcommerceTests.HomePageTests" name="navigateToLoginPageFromHomePageTest" time="11.542"/>
  <testcase classname="EcommerceTests.HomePageTests" name="testHomePageNavigation" time="0.003"/>
  <testcase classname="EcommerceTests.AccountLoginPageTest" name="accountLoginPageTest" time="43.167"/>
  <testcase classname="EcommerceTests.AccountLoginPageTest" name="navigateToPLP" time="12.452"/>
  <testcase classname="EcommerceTests.AccountLoginPageTest" name="verifyPLPNavigation" time="0.009"/>
  <testcase classname="EcommerceTests.ProductListPageTests" name="verifyPLPAndSelectsProductTest" time="10.878"/>
  <testcase classname="EcommerceTests.ProductDetailPageTests" name="testSelectProductOptionsAndAddToBag" time="9.821"/>
  <testcase classname="EcommerceTests.ProductDetailPageTests" name="testClickBagIcon" time="10.833"/>
  <testcase classname="EcommerceTests.ShoppingCartPageTests" name="verifyCartSubtotalIsStored" time="0.003">
    <failure type="java.lang.NullPointerException" message="Cannot invoke &amp;quot;Model.ProductDetails.getProductSubtotal()&amp;quot; because the return value of &amp;quot;PageObject.ShoppingCartPage.getProductDetails()&amp;quot; is null">
      <![CDATA[java.lang.NullPointerException: Cannot invoke "Model.ProductDetails.getProductSubtotal()" because the return value of "PageObject.ShoppingCartPage.getProductDetails()" is null
at EcommerceTests.ShoppingCartPageTests.verifyCartSubtotalIsStored(ShoppingCartPageTests.java:31)
at org.springframework.test.context.testng.AbstractTestNGSpringContextTests.run(AbstractTestNGSpringContextTests.java:186)
at java.base/java.util.ArrayList.forEach(ArrayList.java:1597)
at Runners.TestRunner.runTests(TestRunner.java:70)
at java.base/java.util.ArrayList.forEach(ArrayList.java:1597)
at com.intellij.rt.testng.IDEARemoteTestNG.run(IDEARemoteTestNG.java:65)
at com.intellij.rt.testng.RemoteTestNGStarter.main(RemoteTestNGStarter.java:105)
... Removed 46 stack frames]]>
    </failure>
  </testcase> <!-- verifyCartSubtotalIsStored -->
  <testcase classname="EcommerceTests.ShoppingCartPageTests" name="verifyProductInCartMatchesSelectedProduct" time="0.057"/>
  <testcase classname="EcommerceTests.ShoppingCartPageTests" name="verifyUserProceedsToCheckout" time="183.429">
    <failure type="java.lang.AssertionError" message="The user was not navigated to the checkout page. expected [true] but found [false]">
      <![CDATA[java.lang.AssertionError: The user was not navigated to the checkout page. expected [true] but found [false]
at EcommerceTests.ShoppingCartPageTests.verifyUserProceedsToCheckout(ShoppingCartPageTests.java:38)
at org.springframework.test.context.testng.AbstractTestNGSpringContextTests.run(AbstractTestNGSpringContextTests.java:186)
at java.base/java.util.ArrayList.forEach(ArrayList.java:1597)
at Runners.TestRunner.runTests(TestRunner.java:70)
at java.base/java.util.ArrayList.forEach(ArrayList.java:1597)
at com.intellij.rt.testng.IDEARemoteTestNG.run(IDEARemoteTestNG.java:65)
at com.intellij.rt.testng.RemoteTestNGStarter.main(RemoteTestNGStarter.java:105)
... Removed 49 stack frames]]>
    </failure>
  </testcase> <!-- verifyUserProceedsToCheckout -->
  <testcase classname="EcommerceTests.CheckOutPageTests" name="testDeliveryAndGrandTotalDisplay" time="120.046">
    <failure type="org.openqa.selenium.TimeoutException" message="Expected condition failed: waiting for visibility of element located by By.cssSelector: li[class=&amp;apos;bag__totals-item&amp;apos;] span:nth-child(2) (tried for 120 second(s) with 500 milliseconds interval)
Build info: version: &amp;apos;4.25.0&amp;apos;, revision: &amp;apos;8a8aea2337&amp;apos;
System info: os.name: &amp;apos;Mac OS X&amp;apos;, os.arch: &amp;apos;aarch64&amp;apos;, os.version: &amp;apos;15.0.1&amp;apos;, java.version: &amp;apos;22.0.1&amp;apos;
Driver info: org.openqa.selenium.chrome.ChromeDriver
Capabilities {acceptInsecureCerts: false, browserName: chrome, browserVersion: 130.0.6723.70, chrome: {chromedriverVersion: 130.0.6723.91 (53ac07678369..., userDataDir: /var/folders/m2/gnsdsm1x1q9...}, fedcm:accounts: true, goog:chromeOptions: {debuggerAddress: localhost:52755}, networkConnectionEnabled: false, pageLoadStrategy: normal, platformName: mac, proxy: Proxy(), se:cdp: ws://localhost:52755/devtoo..., se:cdpVersion: 130.0.6723.70, setWindowRect: true, strictFileInteractability: false, timeouts: {implicit: 0, pageLoad: 300000, script: 30000}, unhandledPromptBehavior: dismiss and notify, webauthn:extension:credBlob: true, webauthn:extension:largeBlob: true, webauthn:extension:minPinLength: true, webauthn:extension:prf: true, webauthn:virtualAuthenticators: true}
Session ID: 181028a013f3e7d3ac8a19f073959b51">
      <![CDATA[org.openqa.selenium.TimeoutException: Expected condition failed: waiting for visibility of element located by By.cssSelector: li[class='bag__totals-item'] span:nth-child(2) (tried for 120 second(s) with 500 milliseconds interval)
Build info: version: '4.25.0', revision: '8a8aea2337'
System info: os.name: 'Mac OS X', os.arch: 'aarch64', os.version: '15.0.1', java.version: '22.0.1'
Driver info: org.openqa.selenium.chrome.ChromeDriver
Capabilities {acceptInsecureCerts: false, browserName: chrome, browserVersion: 130.0.6723.70, chrome: {chromedriverVersion: 130.0.6723.91 (53ac07678369..., userDataDir: /var/folders/m2/gnsdsm1x1q9...}, fedcm:accounts: true, goog:chromeOptions: {debuggerAddress: localhost:52755}, networkConnectionEnabled: false, pageLoadStrategy: normal, platformName: mac, proxy: Proxy(), se:cdp: ws://localhost:52755/devtoo..., se:cdpVersion: 130.0.6723.70, setWindowRect: true, strictFileInteractability: false, timeouts: {implicit: 0, pageLoad: 300000, script: 30000}, unhandledPromptBehavior: dismiss and notify, webauthn:extension:credBlob: true, webauthn:extension:largeBlob: true, webauthn:extension:minPinLength: true, webauthn:extension:prf: true, webauthn:virtualAuthenticators: true}
Session ID: 181028a013f3e7d3ac8a19f073959b51
at org.openqa.selenium.support.ui.WebDriverWait.timeoutException(WebDriverWait.java:84)
at org.openqa.selenium.support.ui.FluentWait.until(FluentWait.java:228)
at PageObject.CheckOutPage.checkAndGetDeliveryTotalText(CheckOutPage.java:101)
at EcommerceTests.CheckOutPageTests.testDeliveryAndGrandTotalDisplay(CheckOutPageTests.java:33)
at org.springframework.test.context.testng.AbstractTestNGSpringContextTests.run(AbstractTestNGSpringContextTests.java:186)
at java.base/java.util.ArrayList.forEach(ArrayList.java:1597)
at Runners.TestRunner.runTests(TestRunner.java:70)
at java.base/java.util.ArrayList.forEach(ArrayList.java:1597)
at com.intellij.rt.testng.IDEARemoteTestNG.run(IDEARemoteTestNG.java:65)
at com.intellij.rt.testng.RemoteTestNGStarter.main(RemoteTestNGStarter.java:105)
... Removed 46 stack frames]]>
    </failure>
  </testcase> <!-- testDeliveryAndGrandTotalDisplay -->
  <testcase classname="EcommerceTests.CheckOutPageTests" name="testProductDetailsMatchInCheckoutBagSection" time="120.311">
    <failure type="org.openqa.selenium.TimeoutException" message="Expected condition failed: waiting for visibility of element located by By.cssSelector: li.bag-item__name (tried for 120 second(s) with 500 milliseconds interval)
Build info: version: &amp;apos;4.25.0&amp;apos;, revision: &amp;apos;8a8aea2337&amp;apos;
System info: os.name: &amp;apos;Mac OS X&amp;apos;, os.arch: &amp;apos;aarch64&amp;apos;, os.version: &amp;apos;15.0.1&amp;apos;, java.version: &amp;apos;22.0.1&amp;apos;
Driver info: org.openqa.selenium.chrome.ChromeDriver
Capabilities {acceptInsecureCerts: false, browserName: chrome, browserVersion: 130.0.6723.70, chrome: {chromedriverVersion: 130.0.6723.91 (53ac07678369..., userDataDir: /var/folders/m2/gnsdsm1x1q9...}, fedcm:accounts: true, goog:chromeOptions: {debuggerAddress: localhost:52755}, networkConnectionEnabled: false, pageLoadStrategy: normal, platformName: mac, proxy: Proxy(), se:cdp: ws://localhost:52755/devtoo..., se:cdpVersion: 130.0.6723.70, setWindowRect: true, strictFileInteractability: false, timeouts: {implicit: 0, pageLoad: 300000, script: 30000}, unhandledPromptBehavior: dismiss and notify, webauthn:extension:credBlob: true, webauthn:extension:largeBlob: true, webauthn:extension:minPinLength: true, webauthn:extension:prf: true, webauthn:virtualAuthenticators: true}
Session ID: 181028a013f3e7d3ac8a19f073959b51">
      <![CDATA[org.openqa.selenium.TimeoutException: Expected condition failed: waiting for visibility of element located by By.cssSelector: li.bag-item__name (tried for 120 second(s) with 500 milliseconds interval)
Build info: version: '4.25.0', revision: '8a8aea2337'
System info: os.name: 'Mac OS X', os.arch: 'aarch64', os.version: '15.0.1', java.version: '22.0.1'
Driver info: org.openqa.selenium.chrome.ChromeDriver
Capabilities {acceptInsecureCerts: false, browserName: chrome, browserVersion: 130.0.6723.70, chrome: {chromedriverVersion: 130.0.6723.91 (53ac07678369..., userDataDir: /var/folders/m2/gnsdsm1x1q9...}, fedcm:accounts: true, goog:chromeOptions: {debuggerAddress: localhost:52755}, networkConnectionEnabled: false, pageLoadStrategy: normal, platformName: mac, proxy: Proxy(), se:cdp: ws://localhost:52755/devtoo..., se:cdpVersion: 130.0.6723.70, setWindowRect: true, strictFileInteractability: false, timeouts: {implicit: 0, pageLoad: 300000, script: 30000}, unhandledPromptBehavior: dismiss and notify, webauthn:extension:credBlob: true, webauthn:extension:largeBlob: true, webauthn:extension:minPinLength: true, webauthn:extension:prf: true, webauthn:virtualAuthenticators: true}
Session ID: 181028a013f3e7d3ac8a19f073959b51
at org.openqa.selenium.support.ui.WebDriverWait.timeoutException(WebDriverWait.java:84)
at org.openqa.selenium.support.ui.FluentWait.until(FluentWait.java:228)
at PageObject.CheckOutPage.ProductNameOnCheckout(CheckOutPage.java:75)
at PageObject.CheckOutPage.storeProductNameOnCheckout(CheckOutPage.java:55)
at PageObject.CheckOutPage.storeProductDetailsOnCheckout(CheckOutPage.java:46)
at EcommerceTests.CheckOutPageTests.testProductDetailsMatchInCheckoutBagSection(CheckOutPageTests.java:22)
at org.springframework.test.context.testng.AbstractTestNGSpringContextTests.run(AbstractTestNGSpringContextTests.java:186)
at java.base/java.util.ArrayList.forEach(ArrayList.java:1597)
at Runners.TestRunner.runTests(TestRunner.java:70)
at java.base/java.util.ArrayList.forEach(ArrayList.java:1597)
at com.intellij.rt.testng.IDEARemoteTestNG.run(IDEARemoteTestNG.java:65)
at com.intellij.rt.testng.RemoteTestNGStarter.main(RemoteTestNGStarter.java:105)
... Removed 46 stack frames]]>
    </failure>
  </testcase> <!-- testProductDetailsMatchInCheckoutBagSection -->
  <testcase classname="EcommerceTests.CheckOutPageTests" name="testUserScrollsToPaymentMethod" time="120.219">
    <failure type="org.openqa.selenium.TimeoutException" message="Expected condition failed: waiting for visibility of element located by By.cssSelector: .box__title-container .box__title (tried for 120 second(s) with 500 milliseconds interval)
Build info: version: &amp;apos;4.25.0&amp;apos;, revision: &amp;apos;8a8aea2337&amp;apos;
System info: os.name: &amp;apos;Mac OS X&amp;apos;, os.arch: &amp;apos;aarch64&amp;apos;, os.version: &amp;apos;15.0.1&amp;apos;, java.version: &amp;apos;22.0.1&amp;apos;
Driver info: org.openqa.selenium.chrome.ChromeDriver
Capabilities {acceptInsecureCerts: false, browserName: chrome, browserVersion: 130.0.6723.70, chrome: {chromedriverVersion: 130.0.6723.91 (53ac07678369..., userDataDir: /var/folders/m2/gnsdsm1x1q9...}, fedcm:accounts: true, goog:chromeOptions: {debuggerAddress: localhost:52755}, networkConnectionEnabled: false, pageLoadStrategy: normal, platformName: mac, proxy: Proxy(), se:cdp: ws://localhost:52755/devtoo..., se:cdpVersion: 130.0.6723.70, setWindowRect: true, strictFileInteractability: false, timeouts: {implicit: 0, pageLoad: 300000, script: 30000}, unhandledPromptBehavior: dismiss and notify, webauthn:extension:credBlob: true, webauthn:extension:largeBlob: true, webauthn:extension:minPinLength: true, webauthn:extension:prf: true, webauthn:virtualAuthenticators: true}
Session ID: 181028a013f3e7d3ac8a19f073959b51">
      <![CDATA[org.openqa.selenium.TimeoutException: Expected condition failed: waiting for visibility of element located by By.cssSelector: .box__title-container .box__title (tried for 120 second(s) with 500 milliseconds interval)
Build info: version: '4.25.0', revision: '8a8aea2337'
System info: os.name: 'Mac OS X', os.arch: 'aarch64', os.version: '15.0.1', java.version: '22.0.1'
Driver info: org.openqa.selenium.chrome.ChromeDriver
Capabilities {acceptInsecureCerts: false, browserName: chrome, browserVersion: 130.0.6723.70, chrome: {chromedriverVersion: 130.0.6723.91 (53ac07678369..., userDataDir: /var/folders/m2/gnsdsm1x1q9...}, fedcm:accounts: true, goog:chromeOptions: {debuggerAddress: localhost:52755}, networkConnectionEnabled: false, pageLoadStrategy: normal, platformName: mac, proxy: Proxy(), se:cdp: ws://localhost:52755/devtoo..., se:cdpVersion: 130.0.6723.70, setWindowRect: true, strictFileInteractability: false, timeouts: {implicit: 0, pageLoad: 300000, script: 30000}, unhandledPromptBehavior: dismiss and notify, webauthn:extension:credBlob: true, webauthn:extension:largeBlob: true, webauthn:extension:minPinLength: true, webauthn:extension:prf: true, webauthn:virtualAuthenticators: true}
Session ID: 181028a013f3e7d3ac8a19f073959b51
at org.openqa.selenium.support.ui.WebDriverWait.timeoutException(WebDriverWait.java:84)
at org.openqa.selenium.support.ui.FluentWait.until(FluentWait.java:228)
at PageObject.CheckOutPage.checkAndGetPaymentInformationText(CheckOutPage.java:117)
at EcommerceTests.CheckOutPageTests.testUserScrollsToPaymentMethod(CheckOutPageTests.java:39)
at org.springframework.test.context.testng.AbstractTestNGSpringContextTests.run(AbstractTestNGSpringContextTests.java:186)
at java.base/java.util.ArrayList.forEach(ArrayList.java:1597)
at Runners.TestRunner.runTests(TestRunner.java:70)
at java.base/java.util.ArrayList.forEach(ArrayList.java:1597)
at com.intellij.rt.testng.IDEARemoteTestNG.run(IDEARemoteTestNG.java:65)
at com.intellij.rt.testng.RemoteTestNGStarter.main(RemoteTestNGStarter.java:105)
... Removed 46 stack frames]]>
    </failure>
  </testcase> <!-- testUserScrollsToPaymentMethod -->
  <testcase classname="EcommerceTests.CheckOutPageTests" name="testUserSelectsAndVerifiesPaymentMethod" time="123.134">
    <failure type="org.openqa.selenium.TimeoutException" message="Expected condition failed: waiting for element to be clickable: By.xpath: //label[.//h4[text()=&amp;apos;%$&amp;apos;]]//input[@type=&amp;apos;radio&amp;apos;] (tried for 120 second(s) with 500 milliseconds interval)
Build info: version: &amp;apos;4.25.0&amp;apos;, revision: &amp;apos;8a8aea2337&amp;apos;
System info: os.name: &amp;apos;Mac OS X&amp;apos;, os.arch: &amp;apos;aarch64&amp;apos;, os.version: &amp;apos;15.0.1&amp;apos;, java.version: &amp;apos;22.0.1&amp;apos;
Driver info: org.openqa.selenium.chrome.ChromeDriver
Capabilities {acceptInsecureCerts: false, browserName: chrome, browserVersion: 130.0.6723.70, chrome: {chromedriverVersion: 130.0.6723.91 (53ac07678369..., userDataDir: /var/folders/m2/gnsdsm1x1q9...}, fedcm:accounts: true, goog:chromeOptions: {debuggerAddress: localhost:52755}, networkConnectionEnabled: false, pageLoadStrategy: normal, platformName: mac, proxy: Proxy(), se:cdp: ws://localhost:52755/devtoo..., se:cdpVersion: 130.0.6723.70, setWindowRect: true, strictFileInteractability: false, timeouts: {implicit: 0, pageLoad: 300000, script: 30000}, unhandledPromptBehavior: dismiss and notify, webauthn:extension:credBlob: true, webauthn:extension:largeBlob: true, webauthn:extension:minPinLength: true, webauthn:extension:prf: true, webauthn:virtualAuthenticators: true}
Session ID: 181028a013f3e7d3ac8a19f073959b51">
      <![CDATA[org.openqa.selenium.TimeoutException: Expected condition failed: waiting for element to be clickable: By.xpath: //label[.//h4[text()='%$']]//input[@type='radio'] (tried for 120 second(s) with 500 milliseconds interval)
Build info: version: '4.25.0', revision: '8a8aea2337'
System info: os.name: 'Mac OS X', os.arch: 'aarch64', os.version: '15.0.1', java.version: '22.0.1'
Driver info: org.openqa.selenium.chrome.ChromeDriver
Capabilities {acceptInsecureCerts: false, browserName: chrome, browserVersion: 130.0.6723.70, chrome: {chromedriverVersion: 130.0.6723.91 (53ac07678369..., userDataDir: /var/folders/m2/gnsdsm1x1q9...}, fedcm:accounts: true, goog:chromeOptions: {debuggerAddress: localhost:52755}, networkConnectionEnabled: false, pageLoadStrategy: normal, platformName: mac, proxy: Proxy(), se:cdp: ws://localhost:52755/devtoo..., se:cdpVersion: 130.0.6723.70, setWindowRect: true, strictFileInteractability: false, timeouts: {implicit: 0, pageLoad: 300000, script: 30000}, unhandledPromptBehavior: dismiss and notify, webauthn:extension:credBlob: true, webauthn:extension:largeBlob: true, webauthn:extension:minPinLength: true, webauthn:extension:prf: true, webauthn:virtualAuthenticators: true}
Session ID: 181028a013f3e7d3ac8a19f073959b51
at org.openqa.selenium.support.ui.WebDriverWait.timeoutException(WebDriverWait.java:84)
at org.openqa.selenium.support.ui.FluentWait.until(FluentWait.java:228)
at PageObject.CheckOutPage.clickAndVerifyButtonByLabelText(CheckOutPage.java:140)
at EcommerceTests.CheckOutPageTests.testUserSelectsAndVerifiesPaymentMethod(CheckOutPageTests.java:45)
at org.springframework.test.context.testng.AbstractTestNGSpringContextTests.run(AbstractTestNGSpringContextTests.java:186)
at java.base/java.util.ArrayList.forEach(ArrayList.java:1597)
at Runners.TestRunner.runTests(TestRunner.java:70)
at java.base/java.util.ArrayList.forEach(ArrayList.java:1597)
at com.intellij.rt.testng.IDEARemoteTestNG.run(IDEARemoteTestNG.java:65)
at com.intellij.rt.testng.RemoteTestNGStarter.main(RemoteTestNGStarter.java:105)
... Removed 46 stack frames]]>
    </failure>
  </testcase> <!-- testUserSelectsAndVerifiesPaymentMethod -->
  <testcase classname="EcommerceTests.BaseTest" name="@AfterSuite tearDownAfterSuite" time="0.0">
    <ignored/>
  </testcase> <!-- @AfterSuite tearDownAfterSuite -->
  <testcase classname="EcommerceTests.BaseTest" name="@AfterSuite tearDownAfterSuite" time="0.0">
    <ignored/>
  </testcase> <!-- @AfterSuite tearDownAfterSuite -->
  <testcase classname="EcommerceTests.BaseTest" name="@AfterSuite tearDownAfterSuite" time="0.0">
    <ignored/>
  </testcase> <!-- @AfterSuite tearDownAfterSuite -->
  <testcase classname="EcommerceTests.BaseTest" name="@AfterSuite tearDownAfterSuite" time="0.0">
    <ignored/>
  </testcase> <!-- @AfterSuite tearDownAfterSuite -->
  <testcase classname="EcommerceTests.BaseTest" name="@AfterSuite tearDownAfterSuite" time="0.0">
    <ignored/>
  </testcase> <!-- @AfterSuite tearDownAfterSuite -->
</testsuite> <!-- Command line test -->
